2025-03-04 12:35:51.6828 | Info | Now listening on: https://localhost:7132 
2025-03-04 12:35:51.7453 | Info | Now listening on: http://localhost:5073 
2025-03-04 12:35:51.7453 | Info | Application started. Press Ctrl+C to shut down. 
2025-03-04 12:35:51.7636 | Info | Hosting environment: Development 
2025-03-04 12:35:51.7636 | Info | Content root path: C:\Users\Ankit Singh\source\repos\HelloGreetingApplication\HelloGreetingApplication\ 
2025-03-04 12:35:53.2030 | Info | Request starting HTTP/2 GET https://localhost:7132/swagger/index.html - - 
2025-03-04 12:35:53.9417 | Info | Request finished HTTP/2 GET https://localhost:7132/swagger/index.html - - - 200 - text/html;charset=utf-8 746.9074ms 
2025-03-04 12:35:53.9996 | Info | Request starting HTTP/2 GET https://localhost:7132/_framework/aspnetcore-browser-refresh.js - - 
2025-03-04 12:35:54.0149 | Info | Request finished HTTP/2 GET https://localhost:7132/_framework/aspnetcore-browser-refresh.js - - - 200 12380 application/javascript;+charset=utf-8 15.2983ms 
2025-03-04 12:35:54.0330 | Info | Request starting HTTP/2 GET https://localhost:7132/_vs/browserLink - - 
2025-03-04 12:35:54.1929 | Info | Request finished HTTP/2 GET https://localhost:7132/_vs/browserLink - - - 200 - text/javascript;+charset=UTF-8 159.9012ms 
2025-03-04 12:35:54.5909 | Info | Request starting HTTP/2 GET https://localhost:7132/swagger/v1/swagger.json - - 
2025-03-04 12:35:54.8189 | Info | Request finished HTTP/2 GET https://localhost:7132/swagger/v1/swagger.json - - - 200 - application/json;charset=utf-8 228.0088ms 
2025-03-04 12:35:58.6832 | Info | Request starting HTTP/2 GET https://localhost:7132/swagger/[object Module] - - 
2025-03-04 12:35:58.6832 | Info | Request finished HTTP/2 GET https://localhost:7132/swagger/[object Module] - - - 404 0 - 6.3336ms 
2025-03-04 12:36:20.0803 | Info | Request starting HTTP/2 POST https://localhost:7132/HelloGreeting/GreetByName application/json 40 
2025-03-04 12:36:20.0803 | Info | Executing endpoint 'HelloGreetingApplication.Controllers.HelloGreetingController.GetGreeting (HelloGreetingApplication)' 
2025-03-04 12:36:20.1381 | Info | Route matched with {action = "GetGreeting", controller = "HelloGreeting"}. Executing controller action with signature Microsoft.AspNetCore.Mvc.IActionResult GetGreeting(ModelLayer.Model.UserNameRequestModel) on controller HelloGreetingApplication.Controllers.HelloGreetingController (HelloGreetingApplication). 
2025-03-04 12:36:20.2305 | Info | Post Method Executed 
2025-03-04 12:36:20.2475 | Info | Executing OkObjectResult, writing value of type 'ModelLayer.Model.ResponseModel`1[[System.String, System.Private.CoreLib, Version=6.0.0.0, Culture=neutral, PublicKeyToken=7cec85d7bea7798e]]'. 
2025-03-04 12:36:20.2635 | Info | Executed action HelloGreetingApplication.Controllers.HelloGreetingController.GetGreeting (HelloGreetingApplication) in 115.641ms 
2025-03-04 12:36:20.2635 | Info | Executed endpoint 'HelloGreetingApplication.Controllers.HelloGreetingController.GetGreeting (HelloGreetingApplication)' 
2025-03-04 12:36:20.2635 | Info | Request finished HTTP/2 POST https://localhost:7132/HelloGreeting/GreetByName application/json 40 - 200 - application/json;+charset=utf-8 184.4350ms 
2025-03-06 00:07:37.8446 | Info | Entity Framework Core 6.0.36 initialized 'GreetingDbContext' using provider 'Microsoft.EntityFrameworkCore.SqlServer:6.0.36' with options: None 
2025-03-06 00:11:17.4917 | Info | Now listening on: https://localhost:7132 
2025-03-06 00:11:17.7096 | Info | Now listening on: http://localhost:5073 
2025-03-06 00:11:17.7269 | Info | Application started. Press Ctrl+C to shut down. 
2025-03-06 00:11:17.7434 | Info | Hosting environment: Development 
2025-03-06 00:11:17.7822 | Info | Content root path: C:\Users\Ankit Singh\source\repos\HelloGreetingApplication\HelloGreetingApplication\ 
2025-03-06 00:11:20.8753 | Info | Request starting HTTP/2 GET https://localhost:7132/swagger/index.html - - 
2025-03-06 00:11:22.5623 | Info | Request finished HTTP/2 GET https://localhost:7132/swagger/index.html - - - 200 - text/html;charset=utf-8 1701.3105ms 
2025-03-06 00:11:22.6851 | Info | Request starting HTTP/2 GET https://localhost:7132/_framework/aspnetcore-browser-refresh.js - - 
2025-03-06 00:11:22.7073 | Info | Request finished HTTP/2 GET https://localhost:7132/_framework/aspnetcore-browser-refresh.js - - - 200 12380 application/javascript;+charset=utf-8 22.1699ms 
2025-03-06 00:11:22.9177 | Info | Request starting HTTP/2 GET https://localhost:7132/_vs/browserLink - - 
2025-03-06 00:11:23.2214 | Info | Request finished HTTP/2 GET https://localhost:7132/_vs/browserLink - - - 200 - text/javascript;+charset=UTF-8 303.7167ms 
2025-03-06 00:11:23.4036 | Info | Request starting HTTP/2 GET https://localhost:7132/swagger/v1/swagger.json - - 
2025-03-06 00:11:23.8481 | Info | Request finished HTTP/2 GET https://localhost:7132/swagger/v1/swagger.json - - - 200 - application/json;charset=utf-8 444.5652ms 
2025-03-06 00:11:31.5719 | Info | Request starting HTTP/2 GET https://localhost:7132/swagger/[object Module] - - 
2025-03-06 00:11:31.5850 | Info | Request finished HTTP/2 GET https://localhost:7132/swagger/[object Module] - - - 404 0 - 13.1325ms 
2025-03-06 00:29:51.4251 | Info | Now listening on: https://localhost:7132 
2025-03-06 00:29:51.4515 | Info | Now listening on: http://localhost:5073 
2025-03-06 00:29:51.4538 | Info | Application started. Press Ctrl+C to shut down. 
2025-03-06 00:29:51.4538 | Info | Hosting environment: Development 
2025-03-06 00:29:51.4538 | Info | Content root path: C:\Users\Ankit Singh\source\repos\HelloGreetingApplication\HelloGreetingApplication\ 
2025-03-06 00:29:52.6277 | Info | Request starting HTTP/2 GET https://localhost:7132/swagger/index.html - - 
2025-03-06 00:29:53.0441 | Info | Request finished HTTP/2 GET https://localhost:7132/swagger/index.html - - - 200 - text/html;charset=utf-8 418.5545ms 
2025-03-06 00:29:53.1044 | Info | Request starting HTTP/2 GET https://localhost:7132/_framework/aspnetcore-browser-refresh.js - - 
2025-03-06 00:29:53.1044 | Info | Request finished HTTP/2 GET https://localhost:7132/_framework/aspnetcore-browser-refresh.js - - - 200 12380 application/javascript;+charset=utf-8 6.2755ms 
2025-03-06 00:29:53.1597 | Info | Request starting HTTP/2 GET https://localhost:7132/_vs/browserLink - - 
2025-03-06 00:29:53.7172 | Info | Request finished HTTP/2 GET https://localhost:7132/_vs/browserLink - - - 200 - text/javascript;+charset=UTF-8 557.4565ms 
2025-03-06 00:29:53.7778 | Info | Request starting HTTP/2 GET https://localhost:7132/swagger/v1/swagger.json - - 
2025-03-06 00:29:53.9375 | Info | Request finished HTTP/2 GET https://localhost:7132/swagger/v1/swagger.json - - - 200 - application/json;charset=utf-8 159.6812ms 
